Flow report for animation
Fri Nov 28 10:59:24 2014
Quartus II 64-Bit Version 11.1 Build 259 01/25/2012 Service Pack 2 SJ Full Version


---------------------
; Table of Contents ;
---------------------
  1. Legal Notice
  2. Flow Summary
  3. Flow Settings
  4. Flow Non-Default Global Settings
  5. Flow Elapsed Time
  6. Flow OS Summary
  7. Flow Log



----------------
; Legal Notice ;
----------------
Copyright (C) 1991-2011 Altera Corporation
Your use of Altera Corporation's design tools, logic functions 
and other software and tools, and its AMPP partner logic 
functions, and any output files from any of the foregoing 
(including device programming or simulation files), and any 
associated documentation or information are expressly subject 
to the terms and conditions of the Altera Program License 
Subscription Agreement, Altera MegaCore Function License 
Agreement, or other applicable license agreement, including, 
without limitation, that your use is for the sole purpose of 
programming logic devices manufactured by Altera and sold by 
Altera or its authorized distributors.  Please refer to the 
applicable agreement for further details.



+-------------------------------------------------------------------------------------+
; Flow Summary                                                                        ;
+------------------------------------+------------------------------------------------+
; Flow Status                        ; Successful - Fri Nov 28 10:59:07 2014          ;
; Quartus II 64-Bit Version          ; 11.1 Build 259 01/25/2012 SP 2 SJ Full Version ;
; Revision Name                      ; animation                                      ;
; Top-level Entity Name              ; GameFlow                                       ;
; Family                             ; Cyclone II                                     ;
; Device                             ; EP2C35F672C6                                   ;
; Timing Models                      ; Final                                          ;
; Total logic elements               ; 3,939 / 33,216 ( 12 % )                        ;
;     Total combinational functions  ; 3,884 / 33,216 ( 12 % )                        ;
;     Dedicated logic registers      ; 1,082 / 33,216 ( 3 % )                         ;
; Total registers                    ; 1082                                           ;
; Total pins                         ; 104 / 475 ( 22 % )                             ;
; Total virtual pins                 ; 0                                              ;
; Total memory bits                  ; 242,688 / 483,840 ( 50 % )                     ;
; Embedded Multiplier 9-bit elements ; 0 / 70 ( 0 % )                                 ;
; Total PLLs                         ; 1 / 4 ( 25 % )                                 ;
+------------------------------------+------------------------------------------------+


+-----------------------------------------+
; Flow Settings                           ;
+-------------------+---------------------+
; Option            ; Setting             ;
+-------------------+---------------------+
; Start date & time ; 11/28/2014 10:55:42 ;
; Main task         ; Compilation         ;
; Revision Name     ; animation           ;
+-------------------+---------------------+


+-----------------------------------------------------------------------------------------------------------------------------------------+
; Flow Non-Default Global Settings                                                                                                        ;
+-------------------------------------+---------------------------------------+--------------------------------+-------------+------------+
; Assignment Name                     ; Value                                 ; Default Value                  ; Entity Name ; Section Id ;
+-------------------------------------+---------------------------------------+--------------------------------+-------------+------------+
; COMPILER_SIGNATURE_ID               ; 156980626465.141719014000500          ; --                             ; --          ; --         ;
; CYCLONEII_OPTIMIZATION_TECHNIQUE    ; Speed                                 ; Balanced                       ; --          ; --         ;
; ENABLE_CLOCK_LATENCY                ; On                                    ; Off                            ; --          ; --         ;
; FMAX_REQUIREMENT                    ; 100 MHz                               ; --                             ; --          ; --         ;
; IP_TOOL_NAME                        ; RAM: 1-PORT                           ; --                             ; --          ; --         ;
; IP_TOOL_NAME                        ; RAM: 1-PORT                           ; --                             ; --          ; --         ;
; IP_TOOL_NAME                        ; RAM: 1-PORT                           ; --                             ; --          ; --         ;
; IP_TOOL_NAME                        ; RAM: 1-PORT                           ; --                             ; --          ; --         ;
; IP_TOOL_NAME                        ; RAM: 1-PORT                           ; --                             ; --          ; --         ;
; IP_TOOL_NAME                        ; RAM: 1-PORT                           ; --                             ; --          ; --         ;
; IP_TOOL_NAME                        ; RAM: 1-PORT                           ; --                             ; --          ; --         ;
; IP_TOOL_NAME                        ; RAM: 1-PORT                           ; --                             ; --          ; --         ;
; IP_TOOL_NAME                        ; RAM: 1-PORT                           ; --                             ; --          ; --         ;
; IP_TOOL_NAME                        ; RAM: 1-PORT                           ; --                             ; --          ; --         ;
; IP_TOOL_NAME                        ; RAM: 1-PORT                           ; --                             ; --          ; --         ;
; IP_TOOL_NAME                        ; RAM: 1-PORT                           ; --                             ; --          ; --         ;
; IP_TOOL_NAME                        ; RAM: 1-PORT                           ; --                             ; --          ; --         ;
; IP_TOOL_NAME                        ; RAM: 1-PORT                           ; --                             ; --          ; --         ;
; IP_TOOL_NAME                        ; RAM: 1-PORT                           ; --                             ; --          ; --         ;
; IP_TOOL_NAME                        ; RAM: 1-PORT                           ; --                             ; --          ; --         ;
; IP_TOOL_NAME                        ; RAM: 1-PORT                           ; --                             ; --          ; --         ;
; IP_TOOL_NAME                        ; RAM: 1-PORT                           ; --                             ; --          ; --         ;
; IP_TOOL_NAME                        ; RAM: 1-PORT                           ; --                             ; --          ; --         ;
; IP_TOOL_NAME                        ; RAM: 1-PORT                           ; --                             ; --          ; --         ;
; IP_TOOL_NAME                        ; RAM: 1-PORT                           ; --                             ; --          ; --         ;
; IP_TOOL_NAME                        ; RAM: 1-PORT                           ; --                             ; --          ; --         ;
; IP_TOOL_VERSION                     ; 11.1                                  ; --                             ; --          ; --         ;
; IP_TOOL_VERSION                     ; 11.1                                  ; --                             ; --          ; --         ;
; IP_TOOL_VERSION                     ; 11.1                                  ; --                             ; --          ; --         ;
; IP_TOOL_VERSION                     ; 11.1                                  ; --                             ; --          ; --         ;
; IP_TOOL_VERSION                     ; 11.1                                  ; --                             ; --          ; --         ;
; IP_TOOL_VERSION                     ; 11.1                                  ; --                             ; --          ; --         ;
; IP_TOOL_VERSION                     ; 11.1                                  ; --                             ; --          ; --         ;
; IP_TOOL_VERSION                     ; 11.1                                  ; --                             ; --          ; --         ;
; IP_TOOL_VERSION                     ; 11.1                                  ; --                             ; --          ; --         ;
; IP_TOOL_VERSION                     ; 11.1                                  ; --                             ; --          ; --         ;
; IP_TOOL_VERSION                     ; 11.1                                  ; --                             ; --          ; --         ;
; IP_TOOL_VERSION                     ; 11.1                                  ; --                             ; --          ; --         ;
; IP_TOOL_VERSION                     ; 11.1                                  ; --                             ; --          ; --         ;
; IP_TOOL_VERSION                     ; 11.1                                  ; --                             ; --          ; --         ;
; IP_TOOL_VERSION                     ; 11.1                                  ; --                             ; --          ; --         ;
; IP_TOOL_VERSION                     ; 11.1                                  ; --                             ; --          ; --         ;
; IP_TOOL_VERSION                     ; 11.1                                  ; --                             ; --          ; --         ;
; IP_TOOL_VERSION                     ; 11.1                                  ; --                             ; --          ; --         ;
; IP_TOOL_VERSION                     ; 11.1                                  ; --                             ; --          ; --         ;
; IP_TOOL_VERSION                     ; 11.1                                  ; --                             ; --          ; --         ;
; IP_TOOL_VERSION                     ; 11.1                                  ; --                             ; --          ; --         ;
; IP_TOOL_VERSION                     ; 11.1                                  ; --                             ; --          ; --         ;
; MAX_CORE_JUNCTION_TEMP              ; 85                                    ; --                             ; --          ; --         ;
; MIN_CORE_JUNCTION_TEMP              ; 0                                     ; --                             ; --          ; --         ;
; MISC_FILE                           ; lpmRAM_inst.v                         ; --                             ; --          ; --         ;
; MISC_FILE                           ; lpmRAM_bb.v                           ; --                             ; --          ; --         ;
; MISC_FILE                           ; TankOneUp_inst.v                      ; --                             ; --          ; --         ;
; MISC_FILE                           ; TankOneUp_bb.v                        ; --                             ; --          ; --         ;
; MISC_FILE                           ; TankOneDown_inst.v                    ; --                             ; --          ; --         ;
; MISC_FILE                           ; TankOneDown_bb.v                      ; --                             ; --          ; --         ;
; MISC_FILE                           ; TankOneLeft_inst.v                    ; --                             ; --          ; --         ;
; MISC_FILE                           ; TankOneLeft_bb.v                      ; --                             ; --          ; --         ;
; MISC_FILE                           ; TankOneRight_inst.v                   ; --                             ; --          ; --         ;
; MISC_FILE                           ; TankOneRight_bb.v                     ; --                             ; --          ; --         ;
; MISC_FILE                           ; TankTwoUp_inst.v                      ; --                             ; --          ; --         ;
; MISC_FILE                           ; TankTwoUp_bb.v                        ; --                             ; --          ; --         ;
; MISC_FILE                           ; TankTwoDown_inst.v                    ; --                             ; --          ; --         ;
; MISC_FILE                           ; TankTwoDown_bb.v                      ; --                             ; --          ; --         ;
; MISC_FILE                           ; TankTwoLeft_inst.v                    ; --                             ; --          ; --         ;
; MISC_FILE                           ; TankTwoLeft_bb.v                      ; --                             ; --          ; --         ;
; MISC_FILE                           ; TankTwoRight_inst.v                   ; --                             ; --          ; --         ;
; MISC_FILE                           ; TankTwoRight_bb.v                     ; --                             ; --          ; --         ;
; MISC_FILE                           ; CountDown_1_inst.v                    ; --                             ; --          ; --         ;
; MISC_FILE                           ; CountDown_1_bb.v                      ; --                             ; --          ; --         ;
; MISC_FILE                           ; CountDown_2_inst.v                    ; --                             ; --          ; --         ;
; MISC_FILE                           ; CountDown_2_bb.v                      ; --                             ; --          ; --         ;
; MISC_FILE                           ; CountDown_3_inst.v                    ; --                             ; --          ; --         ;
; MISC_FILE                           ; CountDown_3_bb.v                      ; --                             ; --          ; --         ;
; MISC_FILE                           ; TotalRoundNum1_inst.v                 ; --                             ; --          ; --         ;
; MISC_FILE                           ; TotalRoundNum1_bb.v                   ; --                             ; --          ; --         ;
; MISC_FILE                           ; TotalRoundNum3_inst.v                 ; --                             ; --          ; --         ;
; MISC_FILE                           ; TotalRoundNum3_bb.v                   ; --                             ; --          ; --         ;
; MISC_FILE                           ; TotalRoundNum5_inst.v                 ; --                             ; --          ; --         ;
; MISC_FILE                           ; TotalRoundNum5_bb.v                   ; --                             ; --          ; --         ;
; MISC_FILE                           ; TotalRoundNum7_inst.v                 ; --                             ; --          ; --         ;
; MISC_FILE                           ; TotalRoundNum7_bb.v                   ; --                             ; --          ; --         ;
; MISC_FILE                           ; Player1Win_inst.v                     ; --                             ; --          ; --         ;
; MISC_FILE                           ; Player1Win_bb.v                       ; --                             ; --          ; --         ;
; MISC_FILE                           ; Player2Win_inst.v                     ; --                             ; --          ; --         ;
; MISC_FILE                           ; Player2Win_bb.v                       ; --                             ; --          ; --         ;
; MISC_FILE                           ; ThreeHearts_inst.v                    ; --                             ; --          ; --         ;
; MISC_FILE                           ; ThreeHearts_bb.v                      ; --                             ; --          ; --         ;
; MISC_FILE                           ; TotalRoundNum2_inst.v                 ; --                             ; --          ; --         ;
; MISC_FILE                           ; TotalRoundNum2_bb.v                   ; --                             ; --          ; --         ;
; MISC_FILE                           ; TotalRoundNum4_inst.v                 ; --                             ; --          ; --         ;
; MISC_FILE                           ; TotalRoundNum4_bb.v                   ; --                             ; --          ; --         ;
; MISC_FILE                           ; TotalRoundNum6_inst.v                 ; --                             ; --          ; --         ;
; MISC_FILE                           ; TotalRoundNum6_bb.v                   ; --                             ; --          ; --         ;
; OPTIMIZE_HOLD_TIMING                ; All Paths                             ; IO Paths and Minimum TPD Paths ; --          ; --         ;
; PARTITION_COLOR                     ; 16764057                              ; --                             ; GameFlow    ; Top        ;
; PARTITION_FITTER_PRESERVATION_LEVEL ; PLACEMENT_AND_ROUTING                 ; --                             ; GameFlow    ; Top        ;
; PARTITION_NETLIST_TYPE              ; SOURCE                                ; --                             ; GameFlow    ; Top        ;
; POWER_BOARD_THERMAL_MODEL           ; None (CONSERVATIVE)                   ; --                             ; --          ; --         ;
; POWER_PRESET_COOLING_SOLUTION       ; 23 MM HEAT SINK WITH 200 LFPM AIRFLOW ; --                             ; --          ; --         ;
; REPORT_IO_PATHS_SEPARATELY          ; On                                    ; Off                            ; --          ; --         ;
; STATE_MACHINE_PROCESSING            ; User-Encoded                          ; Auto                           ; --          ; --         ;
; TOP_LEVEL_ENTITY                    ; GameFlow                              ; animation                      ; --          ; --         ;
+-------------------------------------+---------------------------------------+--------------------------------+-------------+------------+


+-------------------------------------------------------------------------------------------------------------------------------+
; Flow Elapsed Time                                                                                                             ;
+---------------------------+--------------+-------------------------+---------------------+------------------------------------+
; Module Name               ; Elapsed Time ; Average Processors Used ; Peak Virtual Memory ; Total CPU Time (on all processors) ;
+---------------------------+--------------+-------------------------+---------------------+------------------------------------+
; Analysis & Synthesis      ; 00:02:00     ; 1.0                     ; 450 MB              ; 00:00:39                           ;
; Fitter                    ; 00:00:57     ; 2.0                     ; 630 MB              ; 00:00:56                           ;
; Assembler                 ; 00:00:15     ; 1.0                     ; 425 MB              ; 00:00:03                           ;
; TimeQuest Timing Analyzer ; 00:00:29     ; 1.4                     ; 460 MB              ; 00:00:08                           ;
; Total                     ; 00:03:41     ; --                      ; --                  ; 00:01:46                           ;
+---------------------------+--------------+-------------------------+---------------------+------------------------------------+


+----------------------------------------------------------------------------------------+
; Flow OS Summary                                                                        ;
+---------------------------+------------------+-----------+------------+----------------+
; Module Name               ; Machine Hostname ; OS Name   ; OS Version ; Processor type ;
+---------------------------+------------------+-----------+------------+----------------+
; Analysis & Synthesis      ; BA3145WS10       ; Windows 7 ; 6.1        ; x86_64         ;
; Fitter                    ; BA3145WS10       ; Windows 7 ; 6.1        ; x86_64         ;
; Assembler                 ; BA3145WS10       ; Windows 7 ; 6.1        ; x86_64         ;
; TimeQuest Timing Analyzer ; BA3145WS10       ; Windows 7 ; 6.1        ; x86_64         ;
+---------------------------+------------------+-----------+------------+----------------+


------------
; Flow Log ;
------------
quartus_map --read_settings_files=on --write_settings_files=off animation -c animation
quartus_fit --read_settings_files=off --write_settings_files=off animation -c animation
quartus_asm --read_settings_files=off --write_settings_files=off animation -c animation
quartus_sta animation -c animation



